\BOOKMARK [0][-]{chapter*.1}{Acknowledgements}{}% 1
\BOOKMARK [0][-]{chapter*.2}{Dedication}{}% 2
\BOOKMARK [0][-]{chapter*.2}{Abstract}{}% 3
\BOOKMARK [0][-]{chapter*.4}{List\040of\040Tables}{}% 4
\BOOKMARK [0][-]{chapter*.5}{List\040of\040Figures}{}% 5
\BOOKMARK [0][-]{chapter*.6}{Colophon}{}% 6
\BOOKMARK [0][-]{chapter.1}{Introduction}{}% 7
\BOOKMARK [0][-]{chapter.2}{The\040Physics\040of\040Neutrinos}{}% 8
\BOOKMARK [1][-]{section.2.1}{The\040Standard\040Model\040of\040Particles}{chapter.2}% 9
\BOOKMARK [2][-]{subsection.2.1.1}{Fermions}{section.2.1}% 10
\BOOKMARK [2][-]{subsection.2.1.2}{Bosons}{section.2.1}% 11
\BOOKMARK [1][-]{section.2.2}{The\040Neutrino\040and\040its\040Properties}{chapter.2}% 12
\BOOKMARK [2][-]{subsection.2.2.1}{Interactions}{section.2.2}% 13
\BOOKMARK [2][-]{subsection.2.2.2}{Oscillatory\040Behavior}{section.2.2}% 14
\BOOKMARK [0][-]{chapter.3}{Neutrino\040Production\040in\040Supernovae}{}% 15
\BOOKMARK [1][-]{section.3.1}{Supernova\040Taxonomy}{chapter.3}% 16
\BOOKMARK [1][-]{section.3.2}{Shell\040Burning}{chapter.3}% 17
\BOOKMARK [1][-]{section.3.3}{Core\040Collapse}{chapter.3}% 18
\BOOKMARK [1][-]{section.3.4}{Rebound}{chapter.3}% 19
\BOOKMARK [1][-]{section.3.5}{Remnants}{chapter.3}% 20
\BOOKMARK [0][-]{chapter.4}{The\040Supernova\040Early\040Warning\040System}{}% 21
\BOOKMARK [1][-]{section.4.1}{A\040World-Wide\040Network\040of\040Neutrino\040Detectors}{chapter.4}% 22
\BOOKMARK [1][-]{section.4.2}{The\040Three\040P's}{chapter.4}% 23
\BOOKMARK [1][-]{section.4.3}{Alerting\040the\040Astronomical\040Community}{chapter.4}% 24
\BOOKMARK [0][-]{chapter.5}{Helium\040and\040Lead\040Observatory}{}% 25
\BOOKMARK [1][-]{section.5.1}{Lead\040as\040a\040Interaction\040Medium}{chapter.5}% 26
\BOOKMARK [1][-]{section.5.2}{\0403He\040Proportional\040Counters}{chapter.5}% 27
\BOOKMARK [1][-]{section.5.3}{Neutron\040Backgrounds\040and\040Noise}{chapter.5}% 28
\BOOKMARK [1][-]{section.5.4}{Detector\040Electronics\040and\040Data\040Acquisition}{chapter.5}% 29
\BOOKMARK [0][-]{chapter.6}{The\040Road\040to\040Full\040Operation}{}% 30
\BOOKMARK [1][-]{section.6.1}{Identifying\040Faulty\0403He\040Counters}{chapter.6}% 31
\BOOKMARK [1][-]{section.6.2}{DAQ\040Software\040Development}{chapter.6}% 32
\BOOKMARK [1][-]{section.6.3}{Remote\040Monitoring}{chapter.6}% 33
\BOOKMARK [1][-]{section.6.4}{Current\040Status\040and\040Future\040Work}{chapter.6}% 34
\BOOKMARK [0][-]{chapter.7}{Conclusion\040and\040Discussion}{}% 35
\BOOKMARK [0][-]{chapter*.22}{References}{}% 36
\BOOKMARK [0][-]{appendix.A}{\040Appendix\040A.\040\040Glossary\040and\040Acronyms}{}% 37
\BOOKMARK [1][-]{section.A.1}{Glossary}{appendix.A}% 38
\BOOKMARK [1][-]{section.A.2}{Acronyms}{appendix.A}% 39
